This is pdfTeX, Version 3.141592653-2.6-1.40.22 (TeX Live 2022/dev/Debian) (preloaded format=pdflatex 2024.3.19)  19 MAR 2024 18:21
entering extended mode
 \write18 enabled.
 %&-line parsing enabled.
**kactl.tex
(./kactl.tex
LaTeX2e <2021-11-15> patch level 1
L3 programming layer <2022-01-21> (/usr/share/texlive/texmf-dist/tex/latex/base/report.cls
Document Class: report 2021/10/04 v1.4n Standard LaTeX document class
(/usr/share/texlive/texmf-dist/tex/latex/base/size10.clo
File: size10.clo 2021/10/04 v1.4n Standard LaTeX file (size option)
)
\c@part=\count185
\c@chapter=\count186
\c@section=\count187
\c@subsection=\count188
\c@subsubsection=\count189
\c@paragraph=\count190
\c@subparagraph=\count191
\c@figure=\count192
\c@table=\count193
\abovecaptionskip=\skip47
\belowcaptionskip=\skip48
\bibindent=\dimen138
) (./kactlpkg.sty
Package: kactlpkg 
 (/usr/share/texlive/texmf-dist/tex/latex/base/inputenc.sty
Package: inputenc 2021/02/14 v1.3d Input encoding file
\inpenc@prehook=\toks16
\inpenc@posthook=\toks17
) (/usr/share/texlive/texmf-dist/tex/latex/listings/listings.sty (/usr/share/texlive/texmf-dist/tex/latex/graphics/keyval.sty
Package: keyval 2014/10/28 v1.15 key=value parser (DPC)
\KV@toks@=\toks18
)
\lst@mode=\count194
\lst@gtempboxa=\box50
\lst@token=\toks19
\lst@length=\count195
\lst@currlwidth=\dimen139
\lst@column=\count196
\lst@pos=\count197
\lst@lostspace=\dimen140
\lst@width=\dimen141
\lst@newlines=\count198
\lst@lineno=\count199
\lst@maxwidth=\dimen142
 (/usr/share/texlive/texmf-dist/tex/latex/listings/lstmisc.sty
File: lstmisc.sty 2020/03/24 1.8d (Carsten Heinz)
\c@lstnumber=\count266
\lst@skipnumbers=\count267
\lst@framebox=\box51
) (/usr/share/texlive/texmf-dist/tex/latex/listings/listings.cfg
File: listings.cfg 2020/03/24 1.8d listings configuration
))
Package: listings 2020/03/24 1.8d (Carsten Heinz)
 (/usr/share/texlive/texmf-dist/tex/latex/framed/framed.sty
Package: framed 2011/10/22 v 0.96: framed or shaded text with page breaks
\OuterFrameSep=\skip49
\fb@frw=\dimen143
\fb@frh=\dimen144
\FrameRule=\dimen145
\FrameSep=\dimen146
) (/usr/share/texlive/texmf-dist/tex/latex/geometry/geometry.sty
Package: geometry 2020/01/02 v5.9 Page Geometry
 (/usr/share/texlive/texmf-dist/tex/generic/iftex/ifvtex.sty
Package: ifvtex 2019/10/25 v1.7 ifvtex legacy package. Use iftex instead.
 (/usr/share/texlive/texmf-dist/tex/generic/iftex/iftex.sty
Package: iftex 2020/03/06 v1.0d TeX engine tests
))
\Gm@cnth=\count268
\Gm@cntv=\count269
\c@Gm@tempcnt=\count270
\Gm@bindingoffset=\dimen147
\Gm@wd@mp=\dimen148
\Gm@odd@mp=\dimen149
\Gm@even@mp=\dimen150
\Gm@layoutwidth=\dimen151
\Gm@layoutheight=\dimen152
\Gm@layouthoffset=\dimen153
\Gm@layoutvoffset=\dimen154
\Gm@dimlist=\toks20
) (/usr/share/texlive/texmf-dist/tex/latex/tools/multicol.sty
Package: multicol 2021/10/28 v1.9b multicolumn formatting (FMi)
\c@tracingmulticols=\count271
\mult@box=\box52
\multicol@leftmargin=\dimen155
\c@unbalance=\count272
\c@collectmore=\count273
\doublecol@number=\count274
\multicoltolerance=\count275
\multicolpretolerance=\count276
\full@width=\dimen156
\page@free=\dimen157
\premulticols=\dimen158
\postmulticols=\dimen159
\multicolsep=\skip50
\multicolbaselineskip=\skip51
\partial@page=\box53
\last@line=\box54
\maxbalancingoverflow=\dimen160
\mult@rightbox=\box55
\mult@grightbox=\box56
\mult@firstbox=\box57
\mult@gfirstbox=\box58
\@tempa=\box59
\@tempa=\box60
\@tempa=\box61
\@tempa=\box62
\@tempa=\box63
\@tempa=\box64
\@tempa=\box65
\@tempa=\box66
\@tempa=\box67
\@tempa=\box68
\@tempa=\box69
\@tempa=\box70
\@tempa=\box71
\@tempa=\box72
\@tempa=\box73
\@tempa=\box74
\@tempa=\box75
\@tempa=\box76
\@tempa=\box77
\@tempa=\box78
\@tempa=\box79
\@tempa=\box80
\@tempa=\box81
\@tempa=\box82
\@tempa=\box83
\@tempa=\box84
\@tempa=\box85
\@tempa=\box86
\@tempa=\box87
\@tempa=\box88
\@tempa=\box89
\@tempa=\box90
\@tempa=\box91
\@tempa=\box92
\@tempa=\box93
\@tempa=\box94
\c@minrows=\count277
\c@columnbadness=\count278
\c@finalcolumnbadness=\count279
\last@try=\dimen161
\multicolovershoot=\dimen162
\multicolundershoot=\dimen163
\mult@nat@firstbox=\box95
\colbreak@box=\box96
\mc@col@check@num=\count280
) (/usr/share/texlive/texmf-dist/tex/latex/fancyhdr/fancyhdr.sty
Package: fancyhdr 2021/01/28 v4.0.1 Extensive control of page headers and footers
\f@nch@headwidth=\skip52
\f@nch@O@elh=\skip53
\f@nch@O@erh=\skip54
\f@nch@O@olh=\skip55
\f@nch@O@orh=\skip56
\f@nch@O@elf=\skip57
\f@nch@O@erf=\skip58
\f@nch@O@olf=\skip59
\f@nch@O@orf=\skip60
) (/usr/share/texlive/texmf-dist/tex/latex/amsmath/amsbsy.sty
Package: amsbsy 1999/11/29 v1.2d Bold Symbols
 (/usr/share/texlive/texmf-dist/tex/latex/amsmath/amsgen.sty
File: amsgen.sty 1999/11/30 v2.0 generic functions
\@emptytoks=\toks21
\ex@=\dimen164
)
\pmbraise@=\dimen165
) (/usr/share/texlive/texmf-dist/tex/latex/amsfonts/amssymb.sty
Package: amssymb 2013/01/14 v3.01 AMS font symbols
 (/usr/share/texlive/texmf-dist/tex/latex/amsfonts/amsfonts.sty
Package: amsfonts 2013/01/14 v3.01 Basic AMSFonts support
\symAMSa=\mathgroup4
\symAMSb=\mathgroup5
LaTeX Font Info:    Redeclaring math symbol \hbar on input line 98.
LaTeX Font Info:    Overwriting math alphabet `\mathfrak' in version `bold'
(Font)                  U/euf/m/n --> U/euf/b/n on input line 106.
)) (/usr/share/texlive/texmf-dist/tex/latex/amsmath/amsmath.sty
Package: amsmath 2021/10/15 v2.17l AMS math features
\@mathmargin=\skip61

For additional information on amsmath, use the `?' option.
(/usr/share/texlive/texmf-dist/tex/latex/amsmath/amstext.sty
Package: amstext 2021/08/26 v2.01 AMS text
) (/usr/share/texlive/texmf-dist/tex/latex/amsmath/amsopn.sty
Package: amsopn 2021/08/26 v2.02 operator names
)
\inf@bad=\count281
LaTeX Info: Redefining \frac on input line 234.
\uproot@=\count282
\leftroot@=\count283
LaTeX Info: Redefining \overline on input line 399.
\classnum@=\count284
\DOTSCASE@=\count285
LaTeX Info: Redefining \ldots on input line 496.
LaTeX Info: Redefining \dots on input line 499.
LaTeX Info: Redefining \cdots on input line 620.
\Mathstrutbox@=\box97
\strutbox@=\box98
\big@size=\dimen166
LaTeX Font Info:    Redeclaring font encoding OML on input line 743.
LaTeX Font Info:    Redeclaring font encoding OMS on input line 744.
\macc@depth=\count286
\c@MaxMatrixCols=\count287
\dotsspace@=\muskip16
\c@parentequation=\count288
\dspbrk@lvl=\count289
\tag@help=\toks22
\row@=\count290
\column@=\count291
\maxfields@=\count292
\andhelp@=\toks23
\eqnshift@=\dimen167
\alignsep@=\dimen168
\tagshift@=\dimen169
\tagwidth@=\dimen170
\totwidth@=\dimen171
\lineht@=\dimen172
\@envbody=\toks24
\multlinegap=\skip62
\multlinetaggap=\skip63
\mathdisplay@stack=\toks25
LaTeX Info: Redefining \[ on input line 2938.
LaTeX Info: Redefining \] on input line 2939.
) (/usr/share/texlive/texmf-dist/tex/latex/tocloft/tocloft.sty
Package: tocloft 2017/08/31 v2.3i parameterised ToC, etc., typesetting
Package tocloft Info: The document has chapter divisions on input line 51.
\cftparskip=\skip64
\cftbeforetoctitleskip=\skip65
\cftaftertoctitleskip=\skip66
\cftbeforepartskip=\skip67
\cftpartnumwidth=\skip68
\cftpartindent=\skip69
\cftbeforechapskip=\skip70
\cftchapindent=\skip71
\cftchapnumwidth=\skip72
\cftbeforesecskip=\skip73
\cftsecindent=\skip74
\cftsecnumwidth=\skip75
\cftbeforesubsecskip=\skip76
\cftsubsecindent=\skip77
\cftsubsecnumwidth=\skip78
\cftbeforesubsubsecskip=\skip79
\cftsubsubsecindent=\skip80
\cftsubsubsecnumwidth=\skip81
\cftbeforeparaskip=\skip82
\cftparaindent=\skip83
\cftparanumwidth=\skip84
\cftbeforesubparaskip=\skip85
\cftsubparaindent=\skip86
\cftsubparanumwidth=\skip87
\cftbeforeloftitleskip=\skip88
\cftafterloftitleskip=\skip89
\cftbeforefigskip=\skip90
\cftfigindent=\skip91
\cftfignumwidth=\skip92
\c@lofdepth=\count293
\c@lotdepth=\count294
\cftbeforelottitleskip=\skip93
\cftafterlottitleskip=\skip94
\cftbeforetabskip=\skip95
\cfttabindent=\skip96
\cfttabnumwidth=\skip97
) (/usr/share/texlive/texmf-dist/tex/latex/titlesec/titletoc.sty
Package: titletoc 2021/07/05 v2.14 TOC entries
\ttl@leftsep=\dimen173
) (/usr/share/texlive/texmf-dist/tex/latex/base/ifthen.sty
Package: ifthen 2020/11/24 v1.1c Standard LaTeX ifthen package (DPC)
) (/usr/share/texlive/texmf-dist/tex/latex/psnfss/courier.sty
Package: courier 2020/03/25 PSNFSS-v9.3 (WaS) 
) (/usr/share/texlive/texmf-dist/tex/latex/graphics/graphicx.sty
Package: graphicx 2021/09/16 v1.2d Enhanced LaTeX Graphics (DPC,SPQR)
 (/usr/share/texlive/texmf-dist/tex/latex/graphics/graphics.sty
Package: graphics 2021/03/04 v1.4d Standard LaTeX Graphics (DPC,SPQR)
 (/usr/share/texlive/texmf-dist/tex/latex/graphics/trig.sty
Package: trig 2021/08/11 v1.11 sin cos tan (DPC)
) (/usr/share/texlive/texmf-dist/tex/latex/graphics-cfg/graphics.cfg
File: graphics.cfg 2016/06/04 v1.11 sample graphics configuration
)
Package graphics Info: Driver file: pdftex.def on input line 107.
 (/usr/share/texlive/texmf-dist/tex/latex/graphics-def/pdftex.def
File: pdftex.def 2020/10/05 v1.2a Graphics/color driver for pdftex
))
\Gin@req@height=\dimen174
\Gin@req@width=\dimen175
) (/usr/share/texlive/texmf-dist/tex/latex/base/fix-cm.sty
Package: fix-cm 2020/11/24 v1.1t fixes to LaTeX
 (/usr/share/texlive/texmf-dist/tex/latex/base/ts1enc.def
File: ts1enc.def 2001/06/05 v3.0e (jk/car/fm) Standard LaTeX file
LaTeX Font Info:    Redeclaring font encoding TS1 on input line 47.
)) (/usr/share/texlive/texmf-dist/tex/latex/paralist/paralist.sty
Package: paralist 2017/01/22 v2.7 Extended list environments
\pltopsep=\skip98
\plpartopsep=\skip99
\plitemsep=\skip100
\plparsep=\skip101
\pl@lab=\toks26
) (/usr/share/texlive/texmf-dist/tex/latex/enumitem/enumitem.sty
Package: enumitem 2019/06/20 v3.9 Customized lists
\labelindent=\skip102
\enit@outerparindent=\dimen176
\enit@toks=\toks27
\enit@inbox=\box99
\enit@count@id=\count295
\enitdp@description=\count296
) (/usr/share/texlive/texmf-dist/tex/latex/parskip/parskip.sty
Package: parskip 2021-03-14 v2.0h non-zero parskip adjustments
 (/usr/share/texlive/texmf-dist/tex/latex/kvoptions/kvoptions.sty
Package: kvoptions 2020-10-07 v3.14 Key value format for package options (HO)
 (/usr/share/texlive/texmf-dist/tex/generic/ltxcmds/ltxcmds.sty
Package: ltxcmds 2020-05-10 v1.25 LaTeX kernel commands for general use (HO)
) (/usr/share/texlive/texmf-dist/tex/generic/kvsetkeys/kvsetkeys.sty
Package: kvsetkeys 2019/12/15 v1.18 Key value parser (HO)
)) (/usr/share/texlive/texmf-dist/tex/latex/etoolbox/etoolbox.sty
Package: etoolbox 2020/10/05 v2.5k e-TeX tools for LaTeX (JAW)
\etb@tempcnta=\count297
)) (/usr/share/texlive/texmf-dist/tex/latex/xcolor/xcolor.sty
Package: xcolor 2021/10/31 v2.13 LaTeX color extensions (UK)
 (/usr/share/texlive/texmf-dist/tex/latex/graphics-cfg/color.cfg
File: color.cfg 2016/01/02 v1.6 sample color configuration
)
Package xcolor Info: Driver file: pdftex.def on input line 227.
Package xcolor Info: Model `cmy' substituted by `cmy0' on input line 1352.
Package xcolor Info: Model `hsb' substituted by `rgb' on input line 1356.
Package xcolor Info: Model `RGB' extended on input line 1368.
Package xcolor Info: Model `HTML' substituted by `rgb' on input line 1370.
Package xcolor Info: Model `Hsb' substituted by `hsb' on input line 1371.
Package xcolor Info: Model `tHsb' substituted by `hsb' on input line 1372.
Package xcolor Info: Model `HSB' substituted by `hsb' on input line 1373.
Package xcolor Info: Model `Gray' substituted by `gray' on input line 1374.
Package xcolor Info: Model `wave' substituted by `hsb' on input line 1375.
 (/usr/share/texlive/texmf-dist/tex/latex/graphics/dvipsnam.def
File: dvipsnam.def 2016/06/17 v3.0m Driver-dependent file (DPC,SPQR)
)) (/usr/share/texlive/texmf-dist/tex/generic/ulem/ulem.sty
\UL@box=\box100
\UL@hyphenbox=\box101
\UL@skip=\skip103
\UL@hook=\toks28
\UL@height=\dimen177
\UL@pe=\count298
\UL@pixel=\dimen178
\ULC@box=\box102
Package: ulem 2019/11/18
\ULdepth=\dimen179
) (/usr/share/texlive/texmf-dist/tex/latex/listings/lstlang1.sty
File: lstlang1.sty 2020/03/24 1.8d listings language file
) (/usr/share/texlive/texmf-dist/tex/latex/listings/lstlang1.sty
File: lstlang1.sty 2020/03/24 1.8d listings language file
) (/usr/share/texlive/texmf-dist/tex/latex/listings/lstmisc.sty
File: lstmisc.sty 2020/03/24 1.8d (Carsten Heinz)
)) (/usr/share/texlive/texmf-dist/tex/latex/l3backend/l3backend-pdftex.def
File: l3backend-pdftex.def 2022-01-12 L3 backend support: PDF output (pdfTeX)
\l__color_backend_stack_int=\count299
\l__pdf_internal_box=\box103
) (./kactl.aux)
\openout1 = `kactl.aux'.

LaTeX Font Info:    Checking defaults for OML/cmm/m/it on input line 8.
LaTeX Font Info:    ... okay on input line 8.
LaTeX Font Info:    Checking defaults for OMS/cmsy/m/n on input line 8.
LaTeX Font Info:    ... okay on input line 8.
LaTeX Font Info:    Checking defaults for OT1/cmr/m/n on input line 8.
LaTeX Font Info:    ... okay on input line 8.
LaTeX Font Info:    Checking defaults for T1/cmr/m/n on input line 8.
LaTeX Font Info:    ... okay on input line 8.
LaTeX Font Info:    Checking defaults for TS1/cmr/m/n on input line 8.
LaTeX Font Info:    ... okay on input line 8.
LaTeX Font Info:    Checking defaults for OMX/cmex/m/n on input line 8.
LaTeX Font Info:    ... okay on input line 8.
LaTeX Font Info:    Checking defaults for U/cmr/m/n on input line 8.
LaTeX Font Info:    ... okay on input line 8.
\c@lstlisting=\count300

*geometry* driver: auto-detecting
*geometry* detected driver: pdftex
*geometry* verbose mode - [ preamble ] result:
* driver: pdftex
* paper: a4paper
* layout: <same size as paper>
* layoutoffset:(h,v)=(0.0pt,0.0pt)
* modes: landscape 
* h-part:(L,W,R)=(14.22636pt, 816.59412pt, 14.22636pt)
* v-part:(T,H,B)=(28.45274pt, 557.67421pt, 11.38092pt)
* \paperwidth=845.04684pt
* \paperheight=597.50787pt
* \textwidth=816.59412pt
* \textheight=557.67421pt
* \oddsidemargin=-58.04362pt
* \evensidemargin=-58.04362pt
* \topmargin=-80.81725pt
* \headheight=25.0pt
* \headsep=5.0pt
* \topskip=10.0pt
* \footskip=30.0pt
* \marginparwidth=57.0pt
* \marginparsep=11.0pt
* \columnsep=10.0pt
* \skip\footins=9.0pt plus 4.0pt minus 2.0pt
* \hoffset=0.0pt
* \voffset=0.0pt
* \mag=1000
* \@twocolumnfalse
* \@twosidefalse
* \@mparswitchfalse
* \@reversemarginfalse
* (1in=72.27pt=25.4mm, 1cm=28.453pt)

(/usr/share/texlive/texmf-dist/tex/context/base/mkii/supp-pdf.mkii
[Loading MPS to PDF converter (version 2006.09.02).]
\scratchcounter=\count301
\scratchdimen=\dimen180
\scratchbox=\box104
\nofMPsegments=\count302
\nofMParguments=\count303
\everyMPshowfont=\toks29
\MPscratchCnt=\count304
\MPscratchDim=\dimen181
\MPnumerator=\count305
\makeMPintoPDFobject=\count306
\everyMPtoPDFconversion=\toks30
) (/usr/share/texlive/texmf-dist/tex/latex/epstopdf-pkg/epstopdf-base.sty
Package: epstopdf-base 2020-01-24 v2.11 Base part for package epstopdf
Package epstopdf-base Info: Redefining graphics rule for `.eps' on input line 485.
 (/usr/share/texlive/texmf-dist/tex/latex/latexconfig/epstopdf-sys.cfg
File: epstopdf-sys.cfg 2010/07/13 v1.3 Configuration of (r)epstopdf for TeX Live
))
<ubb.png, id=1, 200.75pt x 200.75pt>
File: ubb.png Graphic file (type png)
<use ubb.png>
Package pdftex.def Info: ubb.png  used on input line 9.
(pdftex.def)             Requested size: 170.71652pt x 170.72713pt.
LaTeX Font Info:    Trying to load font information for U+msa on input line 9.
 (/usr/share/texlive/texmf-dist/tex/latex/amsfonts/umsa.fd
File: umsa.fd 2013/01/14 v3.01 AMS symbols A
)
LaTeX Font Info:    Trying to load font information for U+msb on input line 9.
 (/usr/share/texlive/texmf-dist/tex/latex/amsfonts/umsb.fd
File: umsb.fd 2013/01/14 v3.01 AMS symbols B
) [1

{/var/lib/texmf/fonts/map/pdftex/updmap/pdftex.map} <./ubb.png>] (../content/contest/chapter.tex
Chapter 1.
\c@ttl@toc@chapters=\count307
runsystem(rm -f kactl.tmp)...executed.

runsystem(python2 kactlprocessor.py -i "../content/contest/template.cpp" -o kactl.tmp -l rawcpp)...executed.

(./kactl.tmp
LaTeX Font Info:    Trying to load font information for OT1+pcr on input line 4.
 (/usr/share/texlive/texmf-dist/tex/latex/psnfss/ot1pcr.fd
File: ot1pcr.fd 2001/06/04 font definitions for OT1/pcr.
))
runsystem(rm -f kactl.tmp)...executed.

runsystem(python2 kactlprocessor.py -i "../content/contest/.bashrc" -o kactl.tmp -l sh)...executed.

 (./kactl.tmp (/usr/share/texlive/texmf-dist/tex/latex/listings/lstlang1.sty
File: lstlang1.sty 2020/03/24 1.8d listings language file
) (/usr/share/texlive/texmf-dist/tex/latex/listings/lstlang1.sty
File: lstlang1.sty 2020/03/24 1.8d listings language file
)
LaTeX Font Info:    Trying to load font information for OML+cmr on input line 7.
 (/usr/share/texlive/texmf-dist/tex/latex/base/omlcmr.fd
File: omlcmr.fd 2019/12/16 v2.5j Standard LaTeX font definitions
)
LaTeX Font Info:    Font shape `OML/cmr/m/it' in size <7> not available
(Font)              Font shape `OML/cmm/m/it' tried instead on input line 7.
)
runsystem(rm -f kactl.tmp)...executed.

runsystem(python2 kactlprocessor.py -i "../content/contest/.vimrc" -o kactl.tmp -l raw)...executed.

 (./kactl.tmp)
runsystem(rm -f kactl.tmp)...executed.

runsystem(python2 kactlprocessor.py -i "../content/contest/troubleshoot.txt" -o kactl.tmp -l raw)...executed.

 (./kactl.tmp)) (../content/math/chapter.tex
Chapter 2.
<../content/math/sphericalCoordinates.pdf, id=11, 42.67899pt x 42.67899pt>
File: ../content/math/sphericalCoordinates.pdf Graphic file (type pdf)
<use ../content/math/sphericalCoordinates.pdf>
Package pdftex.def Info: ../content/math/sphericalCoordinates.pdf  used on input line 63.
(pdftex.def)             Requested size: 71.13188pt x 71.14337pt.
[1

 <../content/math/sphericalCoordinates.pdf>] [2]) (../content/data-structures/chapter.tex
Chapter 3.
runsystem(rm -f kactl.tmp)...executed.

runsystem(python2 kactlprocessor.py -i "../content/data-structures/OrderStatisticTree.h" -o kactl.tmp )...executed.

(./kactl.tmp)
runsystem(rm -f kactl.tmp)...executed.

runsystem(python2 kactlprocessor.py -i "../content/data-structures/SegmentTree.h" -o kactl.tmp )...executed.

 (./kactl.tmp)
runsystem(rm -f kactl.tmp)...executed.

runsystem(python2 kactlprocessor.py -i "../content/data-structures/LineContainer.h" -o kactl.tmp )...executed.

 (./kactl.tmp)
runsystem(rm -f kactl.tmp)...executed.

runsystem(python2 kactlprocessor.py -i "../content/data-structures/ConvexTree.h" -o kactl.tmp )...executed.

 (./kactl.tmp)
runsystem(rm -f kactl.tmp)...executed.

runsystem(python2 kactlprocessor.py -i "../content/data-structures/Treap.h" -o kactl.tmp )...executed.

 (./kactl.tmp [3])
runsystem(rm -f kactl.tmp)...executed.

runsystem(python2 kactlprocessor.py -i "../content/data-structures/FenwickTree.h" -o kactl.tmp )...executed.

 (./kactl.tmp)
runsystem(rm -f kactl.tmp)...executed.

runsystem(python2 kactlprocessor.py -i "../content/data-structures/FenwickTree2d.h" -o kactl.tmp )...executed.

 (./kactl.tmp)
runsystem(rm -f kactl.tmp)...executed.

runsystem(python2 kactlprocessor.py -i "../content/data-structures/RMQ.h" -o kactl.tmp )...executed.

 (./kactl.tmp)) (../content/numerical/chapter.tex
Chapter 4.
[4]
runsystem(rm -f kactl.tmp)...executed.

runsystem(python2 kactlprocessor.py -i "../content/numerical/FracBinarySearch.h" -o kactl.tmp )...executed.

 (./kactl.tmp

Package kactlpkg Warning:  FracBinarySearch.h : Unknown command: Complexity.  on input line 1.

LaTeX Font Info:    Trying to load font information for OMS+cmr on input line 18.
(/usr/share/texlive/texmf-dist/tex/latex/base/omscmr.fd
File: omscmr.fd 2019/12/16 v2.5j Standard LaTeX font definitions
)
LaTeX Font Info:    Font shape `OMS/cmr/m/it' in size <7> not available
(Font)              Font shape `OMS/cmsy/m/n' tried instead on input line 18.
)
runsystem(rm -f kactl.tmp)...executed.

runsystem(python2 kactlprocessor.py -i "../content/numerical/GoldenSectionSearch.h" -o kactl.tmp )...executed.

 (./kactl.tmp
LaTeX Font Info:    Trying to load font information for OMS+pcr on input line 8.
 (/usr/share/texlive/texmf-dist/tex/latex/psnfss/omspcr.fd
File: omspcr.fd 
)
LaTeX Font Info:    Font shape `OMS/pcr/m/n' in size <7> not available
(Font)              Font shape `OMS/cmsy/m/n' tried instead on input line 8.
)
runsystem(rm -f kactl.tmp)...executed.

runsystem(python2 kactlprocessor.py -i "../content/numerical/HillClimbing.h" -o kactl.tmp )...executed.

 (./kactl.tmp)
runsystem(rm -f kactl.tmp)...executed.

runsystem(python2 kactlprocessor.py -i "../content/numerical/Polynomial.h" -o kactl.tmp )...executed.

 (./kactl.tmp [5])
runsystem(rm -f kactl.tmp)...executed.

runsystem(python2 kactlprocessor.py -i "../content/numerical/PolyRoots.h" -o kactl.tmp )...executed.

 (./kactl.tmp)
runsystem(rm -f kactl.tmp)...executed.

runsystem(python2 kactlprocessor.py -i "../content/numerical/PolyInterpolate.h" -o kactl.tmp )...executed.

 (./kactl.tmp)
runsystem(rm -f kactl.tmp)...executed.

runsystem(python2 kactlprocessor.py -i "../content/numerical/BerlekampMassey.h" -o kactl.tmp )...executed.

 (./kactl.tmp)
runsystem(rm -f kactl.tmp)...executed.

runsystem(python2 kactlprocessor.py -i "../content/numerical/LinearRecurrence.h" -o kactl.tmp )...executed.

 (./kactl.tmp

Package kactlpkg Warning:  LinearRecurrence.h : Unknown command: Tested.  on input line 1.

)
runsystem(rm -f kactl.tmp)...executed.

runsystem(python2 kactlprocessor.py -i "../content/numerical/FFT.h" -o kactl.tmp )...executed.

 (./kactl.tmp [6])
runsystem(rm -f kactl.tmp)...executed.

runsystem(python2 kactlprocessor.py -i "../content/numerical/FST.h" -o kactl.tmp )...executed.

 (./kactl.tmp)
runsystem(rm -f kactl.tmp)...executed.

runsystem(python2 kactlprocessor.py -i "../content/numerical/Integrate.h" -o kactl.tmp )...executed.

 (./kactl.tmp)
runsystem(rm -f kactl.tmp)...executed.

runsystem(python2 kactlprocessor.py -i "../content/numerical/IntegrateAdaptive.h" -o kactl.tmp )...executed.

 (./kactl.tmp)
runsystem(rm -f kactl.tmp)...executed.

runsystem(python2 kactlprocessor.py -i "../content/numerical/Simplex.h" -o kactl.tmp )...executed.

 (./kactl.tmp)
runsystem(rm -f kactl.tmp)...executed.

runsystem(python2 kactlprocessor.py -i "../content/numerical/SolveLinear.h" -o kactl.tmp )...executed.

 (./kactl.tmp [7])
runsystem(rm -f kactl.tmp)...executed.

runsystem(python2 kactlprocessor.py -i "../content/numerical/Tridiagonal.h" -o kactl.tmp )...executed.

 (./kactl.tmp)) (../content/number-theory/chapter.tex
Chapter 5.
runsystem(rm -f kactl.tmp)...executed.

runsystem(python2 kactlprocessor.py -i "../content/number-theory/ModOps.h" -o kactl.tmp )...executed.

(./kactl.tmp)
runsystem(rm -f kactl.tmp)...executed.

runsystem(python2 kactlprocessor.py -i "../content/number-theory/ModInverse.h" -o kactl.tmp )...executed.

 (./kactl.tmp)
runsystem(rm -f kactl.tmp)...executed.

runsystem(python2 kactlprocessor.py -i "../content/number-theory/ModSum.h" -o kactl.tmp )...executed.

 (./kactl.tmp)
runsystem(rm -f kactl.tmp)...executed.

runsystem(python2 kactlprocessor.py -i "../content/number-theory/ModMulLL.h" -o kactl.tmp )...executed.

 (./kactl.tmp)
runsystem(rm -f kactl.tmp)...executed.

runsystem(python2 kactlprocessor.py -i "../content/number-theory/ModSqrt.h" -o kactl.tmp )...executed.

 (./kactl.tmp [8])
runsystem(rm -f kactl.tmp)...executed.

runsystem(python2 kactlprocessor.py -i "../content/number-theory/NTT.h" -o kactl.tmp )...executed.

 (./kactl.tmp)
runsystem(rm -f kactl.tmp)...executed.

runsystem(python2 kactlprocessor.py -i "../content/number-theory/Eratosthenes.h" -o kactl.tmp )...executed.

 (./kactl.tmp)
runsystem(rm -f kactl.tmp)...executed.

runsystem(python2 kactlprocessor.py -i "../content/number-theory/MillerRabin.h" -o kactl.tmp )...executed.

 (./kactl.tmp)
runsystem(rm -f kactl.tmp)...executed.

runsystem(python2 kactlprocessor.py -i "../content/number-theory/Factor.h" -o kactl.tmp )...executed.

 (./kactl.tmp [9])
runsystem(rm -f kactl.tmp)...executed.

runsystem(python2 kactlprocessor.py -i "../content/number-theory/Euclid.h" -o kactl.tmp )...executed.

 (./kactl.tmp)
runsystem(rm -f kactl.tmp)...executed.

runsystem(python2 kactlprocessor.py -i "../content/number-theory/phiFunction.h" -o kactl.tmp )...executed.

 (./kactl.tmp)
runsystem(rm -f kactl.tmp)...executed.

runsystem(python2 kactlprocessor.py -i "../content/number-theory/CRT.h" -o kactl.tmp )...executed.

 (./kactl.tmp
LaTeX Font Info:    Font shape `OMS/cmr/m/n' in size <7> not available
(Font)              Font shape `OMS/cmsy/m/n' tried instead on input line 14.
)) (../content/combinatorial/chapter.tex
Chapter 6.
(../content/combinatorial/twelvefoldway.tex) (../content/combinatorial/factorial.tex)
runsystem(rm -f kactl.tmp)...executed.

runsystem(python2 kactlprocessor.py -i "../content/combinatorial/intperm.h" -o kactl.tmp )...executed.

 (./kactl.tmp)
Overfull \hbox (6.88965pt too wide) detected at line 17
\OML/cmm/m/it/10 D\OT1/cmr/m/n/10 (\OML/cmm/m/it/10 n\OT1/cmr/m/n/10 ) = (\OML/cmm/m/it/10 n \OMS/cmsy/m/n/10 ^^@ \OT1/cmr/m/n/10 1)(\OML/cmm/m/it/10 D\OT1/cmr/m/n/10 (\OML/cmm/m/it/10 n \OMS/cmsy/m/n/10 ^^@ \OT1/cmr/m/n/10 1) + \OML/cmm/m/it/10 D\OT1/cmr/m/n/10 (\OML/cmm/m/it/10 n \OMS/cmsy/m/n/10 ^^@ \OT1/cmr/m/n/10 2)) = \OML/cmm/m/it/10 nD\OT1/cmr/m/n/10 (\OML/cmm/m/it/10 n \OMS/cmsy/m/n/10 ^^@ \OT1/cmr/m/n/10 1) + (\OMS/cmsy/m/n/10 ^^@\OT1/cmr/m/n/10 1)[] = []
 []

runsystem(rm -f kactl.tmp)...executed.

runsystem(python2 kactlprocessor.py -i "../content/combinatorial/derangements.h" -o kactl.tmp )...executed.

(./kactl.tmp [10]) [11]
runsystem(rm -f kactl.tmp)...executed.

runsystem(python2 kactlprocessor.py -i "../content/combinatorial/binomial.h" -o kactl.tmp )...executed.

 (./kactl.tmp)
runsystem(rm -f kactl.tmp)...executed.

runsystem(python2 kactlprocessor.py -i "../content/combinatorial/binomialModPrime.h" -o kactl.tmp )...executed.

 (./kactl.tmp)
runsystem(rm -f kactl.tmp)...executed.

runsystem(python2 kactlprocessor.py -i "../content/combinatorial/RollingBinomial.h" -o kactl.tmp )...executed.

 (./kactl.tmp)
runsystem(rm -f kactl.tmp)...executed.

runsystem(python2 kactlprocessor.py -i "../content/combinatorial/multinomial.h" -o kactl.tmp )...executed.

 (./kactl.tmp)) (../content/graph/chapter.tex
Chapter 7.
runsystem(rm -f kactl.tmp)...executed.

runsystem(python2 kactlprocessor.py -i "../content/graph/EulerWalk.h" -o kactl.tmp )...executed.

(./kactl.tmp [12])
runsystem(rm -f kactl.tmp)...executed.

runsystem(python2 kactlprocessor.py -i "../content/graph/DinicFlow.h" -o kactl.tmp )...executed.

 (./kactl.tmp)
runsystem(rm -f kactl.tmp)...executed.

runsystem(python2 kactlprocessor.py -i "../content/graph/EZFlow.h" -o kactl.tmp )...executed.

 (./kactl.tmp)
runsystem(rm -f kactl.tmp)...executed.

runsystem(python2 kactlprocessor.py -i "../content/graph/MinCostMaxFlow.h" -o kactl.tmp )...executed.

 (./kactl.tmp [13])
runsystem(rm -f kactl.tmp)...executed.

runsystem(python2 kactlprocessor.py -i "../content/graph/CycleCancelFlow.h" -o kactl.tmp )...executed.

 (./kactl.tmp)
runsystem(rm -f kactl.tmp)...executed.

runsystem(python2 kactlprocessor.py -i "../content/graph/MinCut.h" -o kactl.tmp )...executed.

 (./kactl.tmp)
runsystem(rm -f kactl.tmp)...executed.

runsystem(python2 kactlprocessor.py -i "../content/graph/GlobalMinCut.h" -o kactl.tmp )...executed.

 (./kactl.tmp)
runsystem(rm -f kactl.tmp)...executed.

runsystem(python2 kactlprocessor.py -i "../content/graph/GomoryHu.h" -o kactl.tmp )...executed.

 (./kactl.tmp [14])
runsystem(rm -f kactl.tmp)...executed.

runsystem(python2 kactlprocessor.py -i "../content/graph/DFSMatching.h" -o kactl.tmp )...executed.

 (./kactl.tmp)
runsystem(rm -f kactl.tmp)...executed.

runsystem(python2 kactlprocessor.py -i "../content/graph/WeightedMatching.h" -o kactl.tmp )...executed.

 (./kactl.tmp)
runsystem(rm -f kactl.tmp)...executed.

runsystem(python2 kactlprocessor.py -i "../content/graph/GeneralMatching.h" -o kactl.tmp )...executed.

 (./kactl.tmp)
runsystem(rm -f kactl.tmp)...executed.

runsystem(python2 kactlprocessor.py -i "../content/graph/SCC.h" -o kactl.tmp )...executed.

 (./kactl.tmp [15])
runsystem(rm -f kactl.tmp)...executed.

runsystem(python2 kactlprocessor.py -i "../content/graph/BiconnectedComponents.h" -o kactl.tmp )...executed.

 (./kactl.tmp)
runsystem(rm -f kactl.tmp)...executed.

runsystem(python2 kactlprocessor.py -i "../content/graph/2sat.h" -o kactl.tmp )...executed.

 (./kactl.tmp)
runsystem(rm -f kactl.tmp)...executed.

runsystem(python2 kactlprocessor.py -i "../content/graph/LCA.h" -o kactl.tmp )...executed.

 (./kactl.tmp [16])
runsystem(rm -f kactl.tmp)...executed.

runsystem(python2 kactlprocessor.py -i "../content/graph/CompressTree.h" -o kactl.tmp )...executed.

 (./kactl.tmp)
runsystem(rm -f kactl.tmp)...executed.

runsystem(python2 kactlprocessor.py -i "../content/graph/HLD.h" -o kactl.tmp )...executed.

 (./kactl.tmp)
runsystem(rm -f kactl.tmp)...executed.

runsystem(python2 kactlprocessor.py -i "../content/graph/LinkCutTree.h" -o kactl.tmp )...executed.

 (./kactl.tmp [17])
runsystem(rm -f kactl.tmp)...executed.

runsystem(python2 kactlprocessor.py -i "../content/graph/MatrixTree.h" -o kactl.tmp )...executed.

 (./kactl.tmp)) (../content/geometry/chapter.tex
Chapter 8.
runsystem(rm -f kactl.tmp)...executed.

runsystem(python2 kactlprocessor.py -i "../content/geometry/Point.h" -o kactl.tmp )...executed.

(./kactl.tmp)
runsystem(rm -f kactl.tmp)...executed.

runsystem(python2 kactlprocessor.py -i "../content/geometry/LineDistance.h" -o kactl.tmp )...executed.

 (./kactl.tmp
<../content/geometry/LineDistance.pdf, id=252, 42.67899pt x 42.67899pt>
File: ../content/geometry/LineDistance.pdf Graphic file (type pdf)
<use ../content/geometry/LineDistance.pdf>
Package pdftex.def Info: ../content/geometry/LineDistance.pdf  used on input line 12.
(pdftex.def)             Requested size: 42.67912pt x 42.68211pt.
)
runsystem(rm -f kactl.tmp)...executed.

runsystem(python2 kactlprocessor.py -i "../content/geometry/SegmentDistance.h" -o kactl.tmp )...executed.

 (./kactl.tmp
<../content/geometry/SegmentDistance.pdf, id=253, 42.67899pt x 42.67899pt>
File: ../content/geometry/SegmentDistance.pdf Graphic file (type pdf)
<use ../content/geometry/SegmentDistance.pdf>
Package pdftex.def Info: ../content/geometry/SegmentDistance.pdf  used on input line 15.
(pdftex.def)             Requested size: 42.67912pt x 42.68211pt.
)
runsystem(rm -f kactl.tmp)...executed.

runsystem(python2 kactlprocessor.py -i "../content/geometry/SegmentIntersection.h" -o kactl.tmp )...executed.

 (./kactl.tmp
<../content/geometry/SegmentIntersection.pdf, id=254, 42.67899pt x 42.67899pt>
File: ../content/geometry/SegmentIntersection.pdf Graphic file (type pdf)
<use ../content/geometry/SegmentIntersection.pdf>
Package pdftex.def Info: ../content/geometry/SegmentIntersection.pdf  used on input line 19.
(pdftex.def)             Requested size: 42.67912pt x 42.68211pt.
)
runsystem(rm -f kactl.tmp)...executed.

runsystem(python2 kactlprocessor.py -i "../content/geometry/LineIntersectionCheck.h" -o kactl.tmp )...executed.

 (./kactl.tmp)
runsystem(rm -f kactl.tmp)...executed.

runsystem(python2 kactlprocessor.py -i "../content/geometry/LineIntersection.h" -o kactl.tmp )...executed.

 (./kactl.tmp
<../content/geometry/lineIntersection.pdf, id=255, 42.67899pt x 42.67899pt>
File: ../content/geometry/lineIntersection.pdf Graphic file (type pdf)
<use ../content/geometry/lineIntersection.pdf>
Package pdftex.def Info: ../content/geometry/lineIntersection.pdf  used on input line 15.
(pdftex.def)             Requested size: 42.67912pt x 42.68211pt.
)
runsystem(rm -f kactl.tmp)...executed.

runsystem(python2 kactlprocessor.py -i "../content/geometry/OnSegment.h" -o kactl.tmp )...executed.

 (./kactl.tmp)
runsystem(rm -f kactl.tmp)...executed.

runsystem(python2 kactlprocessor.py -i "../content/geometry/LinearTransformation.h" -o kactl.tmp )...executed.

 (./kactl.tmp
<../content/geometry/LinearTransformation.pdf, id=256, 42.67899pt x 42.67899pt>
File: ../content/geometry/LinearTransformation.pdf Graphic file (type pdf)
<use ../content/geometry/LinearTransformation.pdf>
Package pdftex.def Info: ../content/geometry/LinearTransformation.pdf  used on input line 14.
(pdftex.def)             Requested size: 42.67912pt x 42.68211pt.
)
runsystem(rm -f kactl.tmp)...executed.

runsystem(python2 kactlprocessor.py -i "../content/geometry/Angle.h" -o kactl.tmp )...executed.

 (./kactl.tmp
Underfull \hbox (badness 10000) in paragraph at lines 10--10
\OMS/cmsy/m/n/7 g \OT1/pcr/m/n/7 // sweeps j such that (j-i) represents the number of
 []

[18 <../content/geometry/lineDistance.pdf> <../content/geometry/SegmentDistance.pdf> <../content/geometry/SegmentIntersection.pdf> <../content/geometry/lineIntersection.pdf> <../content/geometry/linearTransformation.pdf>])
runsystem(rm -f kactl.tmp)...executed.

runsystem(python2 kactlprocessor.py -i "../content/geometry/Caliper.h" -o kactl.tmp )...executed.

 (./kactl.tmp)
runsystem(rm -f kactl.tmp)...executed.

runsystem(python2 kactlprocessor.py -i "../content/geometry/Circle.h" -o kactl.tmp )...executed.

 (./kactl.tmp)
runsystem(rm -f kactl.tmp)...executed.

runsystem(python2 kactlprocessor.py -i "../content/geometry/CircleIntersection.h" -o kactl.tmp )...executed.

 (./kactl.tmp)
runsystem(rm -f kactl.tmp)...executed.

runsystem(python2 kactlprocessor.py -i "../content/geometry/CircleTangents.h" -o kactl.tmp )...executed.

 (./kactl.tmp
<../content/geometry/CircleTangents.pdf, id=427, 42.67899pt x 42.67899pt>
File: ../content/geometry/CircleTangents.pdf Graphic file (type pdf)
<use ../content/geometry/CircleTangents.pdf>
Package pdftex.def Info: ../content/geometry/CircleTangents.pdf  used on input line 13.
(pdftex.def)             Requested size: 42.67912pt x 42.68211pt.
)
runsystem(rm -f kactl.tmp)...executed.

runsystem(python2 kactlprocessor.py -i "../content/geometry/Circumcircle.h" -o kactl.tmp )...executed.

 (./kactl.tmp
<../content/geometry/Circumcircle.pdf, id=428, 42.67899pt x 42.67899pt>
File: ../content/geometry/Circumcircle.pdf Graphic file (type pdf)
<use ../content/geometry/Circumcircle.pdf>
Package pdftex.def Info: ../content/geometry/Circumcircle.pdf  used on input line 13.
(pdftex.def)             Requested size: 42.67912pt x 42.68211pt.
)
runsystem(rm -f kactl.tmp)...executed.

runsystem(python2 kactlprocessor.py -i "../content/geometry/MinimumEnclosingCircle.h" -o kactl.tmp )...executed.

 (./kactl.tmp)
runsystem(rm -f kactl.tmp)...executed.

runsystem(python2 kactlprocessor.py -i "../content/geometry/InsidePolygon.h" -o kactl.tmp )...executed.

 (./kactl.tmp)
runsystem(rm -f kactl.tmp)...executed.

runsystem(python2 kactlprocessor.py -i "../content/geometry/InsidePolygonMulti.h" -o kactl.tmp )...executed.

 (./kactl.tmp [19 <../content/geometry/circleTangents.pdf> <../content/geometry/circumcircle.pdf>])
runsystem(rm -f kactl.tmp)...executed.

runsystem(python2 kactlprocessor.py -i "../content/geometry/PolygonArea.h" -o kactl.tmp )...executed.

 (./kactl.tmp)
runsystem(rm -f kactl.tmp)...executed.

runsystem(python2 kactlprocessor.py -i "../content/geometry/PolygonCenter.h" -o kactl.tmp )...executed.

 (./kactl.tmp)
runsystem(rm -f kactl.tmp)...executed.

runsystem(python2 kactlprocessor.py -i "../content/geometry/PolygonCut.h" -o kactl.tmp )...executed.

 (./kactl.tmp
<../content/geometry/PolygonCut.pdf, id=496, 42.67899pt x 42.67899pt>
File: ../content/geometry/PolygonCut.pdf Graphic file (type pdf)
<use ../content/geometry/PolygonCut.pdf>
Package pdftex.def Info: ../content/geometry/PolygonCut.pdf  used on input line 16.
(pdftex.def)             Requested size: 42.67912pt x 42.68211pt.
)
runsystem(rm -f kactl.tmp)...executed.

runsystem(python2 kactlprocessor.py -i "../content/geometry/ConvexHull.h" -o kactl.tmp )...executed.

 (./kactl.tmp
<../content/geometry/ConvexHull.pdf, id=497, 42.67899pt x 42.67899pt>
File: ../content/geometry/ConvexHull.pdf Graphic file (type pdf)
<use ../content/geometry/ConvexHull.pdf>
Package pdftex.def Info: ../content/geometry/ConvexHull.pdf  used on input line 15.
(pdftex.def)             Requested size: 42.67912pt x 42.68211pt.
)
runsystem(rm -f kactl.tmp)...executed.

runsystem(python2 kactlprocessor.py -i "../content/geometry/Voronoi.h" -o kactl.tmp )...executed.

 (./kactl.tmp)
runsystem(rm -f kactl.tmp)...executed.

runsystem(python2 kactlprocessor.py -i "../content/geometry/PolygonDiameter.h" -o kactl.tmp )...executed.

 (./kactl.tmp)
runsystem(rm -f kactl.tmp)...executed.

runsystem(python2 kactlprocessor.py -i "../content/geometry/PointInsideHull.h" -o kactl.tmp )...executed.

 (./kactl.tmp [20 <../content/geometry/PolygonCut.pdf> <../content/geometry/ConvexHull.pdf>])
runsystem(rm -f kactl.tmp)...executed.

runsystem(python2 kactlprocessor.py -i "../content/geometry/HalfplaneSet.h" -o kactl.tmp )...executed.

 (./kactl.tmp

Package kactlpkg Warning:  HalfplaneSet.h : Unknown command: NOTE.  on input line 1.

)
runsystem(rm -f kactl.tmp)...executed.

runsystem(python2 kactlprocessor.py -i "../content/geometry/closestPair.h" -o kactl.tmp )...executed.

 (./kactl.tmp)
runsystem(rm -f kactl.tmp)...executed.

runsystem(python2 kactlprocessor.py -i "../content/geometry/kdTree.h" -o kactl.tmp )...executed.

 (./kactl.tmp)
runsystem(rm -f kactl.tmp)...executed.

runsystem(python2 kactlprocessor.py -i "../content/geometry/DelaunayTriangulation.h" -o kactl.tmp )...executed.

 (./kactl.tmp [21])
runsystem(rm -f kactl.tmp)...executed.

runsystem(python2 kactlprocessor.py -i "../content/geometry/PolyhedronVolume.h" -o kactl.tmp )...executed.

 (./kactl.tmp)
runsystem(rm -f kactl.tmp)...executed.

runsystem(python2 kactlprocessor.py -i "../content/geometry/Point3D.h" -o kactl.tmp )...executed.

 (./kactl.tmp)
runsystem(rm -f kactl.tmp)...executed.

runsystem(python2 kactlprocessor.py -i "../content/geometry/3dHull.h" -o kactl.tmp )...executed.

 (./kactl.tmp)
runsystem(rm -f kactl.tmp)...executed.

runsystem(python2 kactlprocessor.py -i "../content/geometry/SphericalDistance.h" -o kactl.tmp )...executed.

 (./kactl.tmp)) (../content/strings/chapter.tex
Chapter 9.
runsystem(rm -f kactl.tmp)...executed.

runsystem(python2 kactlprocessor.py -i "../content/strings/KMP.h" -o kactl.tmp )...executed.

(./kactl.tmp)
runsystem(rm -f kactl.tmp)...executed.

runsystem(python2 kactlprocessor.py -i "../content/strings/ZFunction.h" -o kactl.tmp )...executed.

 (./kactl.tmp)
runsystem(rm -f kactl.tmp)...executed.

runsystem(python2 kactlprocessor.py -i "../content/strings/Manacher.h" -o kactl.tmp )...executed.

 (./kactl.tmp [22])
runsystem(rm -f kactl.tmp)...executed.

runsystem(python2 kactlprocessor.py -i "../content/strings/PalindromicTree.h" -o kactl.tmp )...executed.

 (./kactl.tmp)
runsystem(rm -f kactl.tmp)...executed.

runsystem(python2 kactlprocessor.py -i "../content/strings/MinRotation.h" -o kactl.tmp )...executed.

 (./kactl.tmp)
runsystem(rm -f kactl.tmp)...executed.

runsystem(python2 kactlprocessor.py -i "../content/strings/SuffixArray.h" -o kactl.tmp )...executed.

 (./kactl.tmp)
runsystem(rm -f kactl.tmp)...executed.

runsystem(python2 kactlprocessor.py -i "../content/strings/SuffixAutomaton.h" -o kactl.tmp )...executed.

 (./kactl.tmp [23])
runsystem(rm -f kactl.tmp)...executed.

runsystem(python2 kactlprocessor.py -i "../content/strings/AhoCorasick.h" -o kactl.tmp )...executed.

 (./kactl.tmp)) (../content/various/chapter.tex
Chapter 10.
runsystem(rm -f kactl.tmp)...executed.

runsystem(python2 kactlprocessor.py -i "../content/various/IntervalContainer.h" -o kactl.tmp )...executed.

(./kactl.tmp)
runsystem(rm -f kactl.tmp)...executed.

runsystem(python2 kactlprocessor.py -i "../content/various/IntervalCover.h" -o kactl.tmp )...executed.

 (./kactl.tmp)
runsystem(rm -f kactl.tmp)...executed.

runsystem(python2 kactlprocessor.py -i "../content/various/ConstantIntervals.h" -o kactl.tmp )...executed.

 (./kactl.tmp
Underfull \hbox (badness 10000) in paragraph at lines 10--10
\OT1/cmr/bx/n/7 Usage:  \OT1/pcr/m/n/7 ConstantIntervals(0, v.size(), [&](int x)\OMS/cmsy/m/n/7 f\OT1/pcr/m/n/7 return
 []

)
runsystem(rm -f kactl.tmp)...executed.

runsystem(python2 kactlprocessor.py -i "../content/various/TernarySearch.h" -o kactl.tmp )...executed.

 (./kactl.tmp
Underfull \hbox (badness 10000) in paragraph at lines 9--9
\OT1/cmr/bx/n/7 Usage:  \OT1/pcr/m/n/7 int ind = TernarySearch(0,n-1,[&](int i)\OMS/cmsy/m/n/7 f\OT1/pcr/m/n/7 return
 []

[24])
runsystem(rm -f kactl.tmp)...executed.

runsystem(python2 kactlprocessor.py -i "../content/various/AlphaBeta.h" -o kactl.tmp )...executed.

 (./kactl.tmp)
runsystem(rm -f kactl.tmp)...executed.

runsystem(python2 kactlprocessor.py -i "../content/various/DivideAndConquerDP.h" -o kactl.tmp )...executed.

 (./kactl.tmp)
runsystem(rm -f kactl.tmp)...executed.

runsystem(python2 kactlprocessor.py -i "../content/various/KnuthDP.h" -o kactl.tmp )...executed.

 (./kactl.tmp)
LaTeX Font Info:    Font shape `OMS/pcr/m/n' in size <10> not available
(Font)              Font shape `OMS/cmsy/m/n' tried instead on input line 21.
runsystem(rm -f kactl.tmp)...executed.

runsystem(python2 kactlprocessor.py -i "../content/various/Unrolling.h" -o kactl.tmp )...executed.

 (./kactl.tmp)) [25] (../content/appendix/chapter.tex
Chapter A.
runsystem(rm -f kactl.tmp)...executed.

runsystem(python2 kactlprocessor.py -i "../content/appendix/techniques.txt" -o kactl.tmp -l raw)...executed.

(./kactl.tmp)) [26]
\tf@ptc=\write3
\openout3 = `kactl.ptc'.

 (./kactl.aux) ) 
Here is how much of TeX's memory you used:
 10842 strings out of 480247
 156155 string characters out of 5896151
 1751594 words of memory out of 5000000
 28375 multiletter control sequences out of 15000+600000
 482110 words of font info for 78 fonts, out of 8000000 for 9000
 14 hyphenation exceptions out of 8191
 70i,19n,76p,678b,2039s stack positions out of 5000i,500n,10000p,200000b,80000s
 </home/georgerapeanu/.texlive2021/texmf-var/fonts/pk/ljfour/jknappen/ec/tcrm1000.600pk> </home/georgerapeanu/.texlive2021/texmf-var/fonts/pk/ljfour/jknappen/ec/tcti0700.600pk>{/usr/share/texlive/texmf-dist/fonts/enc/dvips/base/8r.enc}</usr/share/texlive/texmf-dist/fonts/type1/public/amsfonts/cm/cmbx10.pfb></usr/share/texlive/texmf-dist/fonts/type1/public/amsfonts/cm/cmbx12.pfb></usr/share/texlive/texmf-dist/fonts/type1/public/amsfonts/cm/cmbx7.pfb></usr/share/texlive/texmf-dist/fonts/type1/public/amsfonts/cm/cmex10.pfb></usr/share/texlive/texmf-dist/fonts/type1/public/amsfonts/cmextra/cmex7.pfb></usr/share/texlive/texmf-dist/fonts/type1/public/amsfonts/cm/cmmi10.pfb></usr/share/texlive/texmf-dist/fonts/type1/public/amsfonts/cm/cmmi5.pfb></usr/share/texlive/texmf-dist/fonts/type1/public/amsfonts/cm/cmmi7.pfb></usr/share/texlive/texmf-dist/fonts/type1/public/amsfonts/cm/cmr10.pfb></usr/share/texlive/texmf-dist/fonts/type1/public/amsfonts/cm/cmr12.pfb></usr/share/texlive/texmf-dist/fonts/type1/public/amsfonts/cm/cmr17.pfb></usr/share/texlive/texmf-dist/fonts/type1/public/amsfonts/cm/cmr5.pfb></usr/share/texlive/texmf-dist/fonts/type1/public/amsfonts/cm/cmr7.pfb></usr/share/texlive/texmf-dist/fonts/type1/public/amsfonts/cm/cmsy10.pfb></usr/share/texlive/texmf-dist/fonts/type1/public/amsfonts/cm/cmsy5.pfb></usr/share/texlive/texmf-dist/fonts/type1/public/amsfonts/cm/cmsy7.pfb></usr/share/texlive/texmf-dist/fonts/type1/public/amsfonts/cm/cmti10.pfb></usr/share/texlive/texmf-dist/fonts/type1/public/amsfonts/cm/cmti7.pfb></usr/share/texlive/texmf-dist/fonts/type1/public/amsfonts/symbols/msbm10.pfb></usr/share/texlive/texmf-dist/fonts/type1/public/amsfonts/symbols/msbm7.pfb></usr/share/texlive/texmf-dist/fonts/type1/urw/courier/ucrb8a.pfb></usr/share/texlive/texmf-dist/fonts/type1/urw/courier/ucrr8a.pfb>
Output written on kactl.pdf (27 pages, 2355596 bytes).
PDF statistics:
 684 PDF objects out of 1000 (max. 8388607)
 425 compressed objects within 5 object streams
 0 named destinations out of 1000 (max. 500000)
 56 words of extra memory for PDF output out of 10000 (max. 10000000)

